<?xml version="1.0" encoding="UTF-8"?>
<testng-results skipped="1" failed="1" ignored="0" total="3" passed="1">
  <reporter-output>
  </reporter-output>
  <suite name="Default suite" duration-ms="42051" started-at="2022-03-29T15:17:47 IST" finished-at="2022-03-29T15:18:30 IST">
    <groups>
    </groups>
    <test name="Default test" duration-ms="42051" started-at="2022-03-29T15:17:47 IST" finished-at="2022-03-29T15:18:30 IST">
      <class name="practice.ExtentReportTest">
        <test-method status="PASS" signature="configureBS()[pri:0, instance:practice.ExtentReportTest@7ba18f1b]" name="configureBS" is-config="true" duration-ms="15" started-at="2022-03-29T15:17:47 IST" finished-at="2022-03-29T15:17:47 IST">
          <reporter-output>
          </reporter-output>
        </test-method> <!-- configureBS -->
        <test-method status="PASS" signature="configureBT()[pri:0, instance:practice.ExtentReportTest@7ba18f1b]" name="configureBT" is-config="true" duration-ms="1" started-at="2022-03-29T15:17:48 IST" finished-at="2022-03-29T15:17:48 IST">
          <reporter-output>
          </reporter-output>
        </test-method> <!-- configureBT -->
        <test-method status="PASS" signature="configureBC()[pri:0, instance:practice.ExtentReportTest@7ba18f1b]" name="configureBC" is-config="true" duration-ms="6653" started-at="2022-03-29T15:17:48 IST" finished-at="2022-03-29T15:17:55 IST">
          <reporter-output>
          </reporter-output>
        </test-method> <!-- configureBC -->
        <test-method status="PASS" signature="configureBM()[pri:0, instance:practice.ExtentReportTest@7ba18f1b]" name="configureBM" is-config="true" duration-ms="5528" started-at="2022-03-29T15:17:55 IST" finished-at="2022-03-29T15:18:00 IST">
          <reporter-output>
          </reporter-output>
        </test-method> <!-- configureBM -->
        <test-method status="FAIL" signature="failure()[pri:0, instance:practice.ExtentReportTest@7ba18f1b]" name="failure" duration-ms="37" started-at="2022-03-29T15:18:00 IST" finished-at="2022-03-29T15:18:00 IST">
          <exception class="java.lang.AssertionError">
            <message>
              <![CDATA[null]]>
            </message>
            <full-stacktrace>
              <![CDATA[java.lang.AssertionError: null
at org.testng.Assert.fail(Assert.java:99)
at org.testng.Assert.fail(Assert.java:106)
at practice.ExtentReportTest.failure(ExtentReportTest.java:18)
at sun.reflect.NativeMethodAccessorImpl.invoke0(Native Method)
at sun.reflect.NativeMethodAccessorImpl.invoke(NativeMethodAccessorImpl.java:62)
at sun.reflect.DelegatingMethodAccessorImpl.invoke(DelegatingMethodAccessorImpl.java:43)
at java.lang.reflect.Method.invoke(Method.java:498)
at org.testng.internal.MethodInvocationHelper.invokeMethod(MethodInvocationHelper.java:133)
at org.testng.internal.TestInvoker.invokeMethod(TestInvoker.java:598)
at org.testng.internal.TestInvoker.invokeTestMethod(TestInvoker.java:173)
at org.testng.internal.MethodRunner.runInSequence(MethodRunner.java:46)
at org.testng.internal.TestInvoker$MethodInvocationAgent.invoke(TestInvoker.java:824)
at org.testng.internal.TestInvoker.invokeTestMethods(TestInvoker.java:146)
at org.testng.internal.TestMethodWorker.invokeTestMethods(TestMethodWorker.java:146)
at org.testng.internal.TestMethodWorker.run(TestMethodWorker.java:128)
at java.util.ArrayList.forEach(ArrayList.java:1257)
at org.testng.TestRunner.privateRun(TestRunner.java:794)
at org.testng.TestRunner.run(TestRunner.java:596)
at org.testng.SuiteRunner.runTest(SuiteRunner.java:377)
at org.testng.SuiteRunner.runSequentially(SuiteRunner.java:371)
at org.testng.SuiteRunner.privateRun(SuiteRunner.java:332)
at org.testng.SuiteRunner.run(SuiteRunner.java:276)
at org.testng.SuiteRunnerWorker.runSuite(SuiteRunnerWorker.java:53)
at org.testng.SuiteRunnerWorker.run(SuiteRunnerWorker.java:96)
at org.testng.TestNG.runSuitesSequentially(TestNG.java:1212)
at org.testng.TestNG.runSuitesLocally(TestNG.java:1134)
at org.testng.TestNG.runSuites(TestNG.java:1063)
at org.testng.TestNG.run(TestNG.java:1031)
at org.testng.remote.AbstractRemoteTestNG.run(AbstractRemoteTestNG.java:115)
at org.testng.remote.RemoteTestNG.initAndRun(RemoteTestNG.java:251)
at org.testng.remote.RemoteTestNG.main(RemoteTestNG.java:77)
]]>
            </full-stacktrace>
          </exception> <!-- java.lang.AssertionError -->
          <reporter-output>
          </reporter-output>
        </test-method> <!-- failure -->
        <test-method status="PASS" signature="configureAM()[pri:0, instance:practice.ExtentReportTest@7ba18f1b]" name="configureAM" is-config="true" duration-ms="5559" started-at="2022-03-29T15:18:01 IST" finished-at="2022-03-29T15:18:06 IST">
          <reporter-output>
          </reporter-output>
        </test-method> <!-- configureAM -->
        <test-method status="PASS" signature="configureBM()[pri:0, instance:practice.ExtentReportTest@7ba18f1b]" name="configureBM" is-config="true" duration-ms="5017" started-at="2022-03-29T15:18:06 IST" finished-at="2022-03-29T15:18:11 IST">
          <reporter-output>
          </reporter-output>
        </test-method> <!-- configureBM -->
        <test-method status="SKIP" signature="skipped()[pri:0, instance:practice.ExtentReportTest@7ba18f1b]" name="skipped" duration-ms="2" started-at="2022-03-29T15:18:11 IST" finished-at="2022-03-29T15:18:11 IST">
          <exception class="org.testng.SkipException">
            <message>
              <![CDATA[method skipped]]>
            </message>
            <full-stacktrace>
              <![CDATA[org.testng.SkipException: method skipped
at practice.ExtentReportTest.skipped(ExtentReportTest.java:23)
at sun.reflect.NativeMethodAccessorImpl.invoke0(Native Method)
at sun.reflect.NativeMethodAccessorImpl.invoke(NativeMethodAccessorImpl.java:62)
at sun.reflect.DelegatingMethodAccessorImpl.invoke(DelegatingMethodAccessorImpl.java:43)
at java.lang.reflect.Method.invoke(Method.java:498)
at org.testng.internal.MethodInvocationHelper.invokeMethod(MethodInvocationHelper.java:133)
at org.testng.internal.TestInvoker.invokeMethod(TestInvoker.java:598)
at org.testng.internal.TestInvoker.invokeTestMethod(TestInvoker.java:173)
at org.testng.internal.MethodRunner.runInSequence(MethodRunner.java:46)
at org.testng.internal.TestInvoker$MethodInvocationAgent.invoke(TestInvoker.java:824)
at org.testng.internal.TestInvoker.invokeTestMethods(TestInvoker.java:146)
at org.testng.internal.TestMethodWorker.invokeTestMethods(TestMethodWorker.java:146)
at org.testng.internal.TestMethodWorker.run(TestMethodWorker.java:128)
at java.util.ArrayList.forEach(ArrayList.java:1257)
at org.testng.TestRunner.privateRun(TestRunner.java:794)
at org.testng.TestRunner.run(TestRunner.java:596)
at org.testng.SuiteRunner.runTest(SuiteRunner.java:377)
at org.testng.SuiteRunner.runSequentially(SuiteRunner.java:371)
at org.testng.SuiteRunner.privateRun(SuiteRunner.java:332)
at org.testng.SuiteRunner.run(SuiteRunner.java:276)
at org.testng.SuiteRunnerWorker.runSuite(SuiteRunnerWorker.java:53)
at org.testng.SuiteRunnerWorker.run(SuiteRunnerWorker.java:96)
at org.testng.TestNG.runSuitesSequentially(TestNG.java:1212)
at org.testng.TestNG.runSuitesLocally(TestNG.java:1134)
at org.testng.TestNG.runSuites(TestNG.java:1063)
at org.testng.TestNG.run(TestNG.java:1031)
at org.testng.remote.AbstractRemoteTestNG.run(AbstractRemoteTestNG.java:115)
at org.testng.remote.RemoteTestNG.initAndRun(RemoteTestNG.java:251)
at org.testng.remote.RemoteTestNG.main(RemoteTestNG.java:77)
]]>
            </full-stacktrace>
          </exception> <!-- org.testng.SkipException -->
          <reporter-output>
          </reporter-output>
        </test-method> <!-- skipped -->
        <test-method status="PASS" signature="configureAM()[pri:0, instance:practice.ExtentReportTest@7ba18f1b]" name="configureAM" is-config="true" duration-ms="5832" started-at="2022-03-29T15:18:11 IST" finished-at="2022-03-29T15:18:17 IST">
          <reporter-output>
          </reporter-output>
        </test-method> <!-- configureAM -->
        <test-method status="PASS" signature="configureBM()[pri:0, instance:practice.ExtentReportTest@7ba18f1b]" name="configureBM" is-config="true" duration-ms="4701" started-at="2022-03-29T15:18:17 IST" finished-at="2022-03-29T15:18:22 IST">
          <reporter-output>
          </reporter-output>
        </test-method> <!-- configureBM -->
        <test-method status="PASS" signature="success()[pri:0, instance:practice.ExtentReportTest@7ba18f1b]" name="success" duration-ms="3" started-at="2022-03-29T15:18:22 IST" finished-at="2022-03-29T15:18:22 IST">
          <reporter-output>
          </reporter-output>
        </test-method> <!-- success -->
        <test-method status="PASS" signature="configureAM()[pri:0, instance:practice.ExtentReportTest@7ba18f1b]" name="configureAM" is-config="true" duration-ms="6662" started-at="2022-03-29T15:18:22 IST" finished-at="2022-03-29T15:18:29 IST">
          <reporter-output>
          </reporter-output>
        </test-method> <!-- configureAM -->
        <test-method status="PASS" signature="configureAC()[pri:0, instance:practice.ExtentReportTest@7ba18f1b]" name="configureAC" is-config="true" duration-ms="952" started-at="2022-03-29T15:18:29 IST" finished-at="2022-03-29T15:18:30 IST">
          <reporter-output>
          </reporter-output>
        </test-method> <!-- configureAC -->
        <test-method status="PASS" signature="configureAT()[pri:0, instance:practice.ExtentReportTest@7ba18f1b]" name="configureAT" is-config="true" duration-ms="1" started-at="2022-03-29T15:18:30 IST" finished-at="2022-03-29T15:18:30 IST">
          <reporter-output>
          </reporter-output>
        </test-method> <!-- configureAT -->
        <test-method status="PASS" signature="configureAS()[pri:0, instance:practice.ExtentReportTest@7ba18f1b]" name="configureAS" is-config="true" duration-ms="1" started-at="2022-03-29T15:18:30 IST" finished-at="2022-03-29T15:18:30 IST">
          <reporter-output>
          </reporter-output>
        </test-method> <!-- configureAS -->
      </class> <!-- practice.ExtentReportTest -->
    </test> <!-- Default test -->
  </suite> <!-- Default suite -->
</testng-results>
